[
  {
    "line": 1,
    "elements": [
      {
        "BDD_TESTRUN_UUID": "349d0039-632d-4c24-bec1-82726c803e75",
        "line": 3,
        "name": "requestDemo",
        "description": "",
        "id": "requestdemo;requestdemo",
        "type": "scenario",
        "keyword": "Scenario",
        "steps": [
          {
            "result": {
              "error_message": "com.kms.katalon.core.exception.StepFailedException: Unable to open browser with url: \u0027\u0027\r\n\tat com.kms.katalon.core.webui.keyword.internal.WebUIKeywordMain.stepFailed(WebUIKeywordMain.groovy:64)\r\n\tat com.kms.katalon.core.webui.keyword.internal.WebUIKeywordMain.runKeyword(WebUIKeywordMain.groovy:26)\r\n\tat com.kms.katalon.core.webui.keyword.builtin.OpenBrowserKeyword.openBrowser(OpenBrowserKeyword.groovy:81)\r\n\tat com.kms.katalon.core.webui.keyword.builtin.OpenBrowserKeyword.execute(OpenBrowserKeyword.groovy:67)\r\n\tat com.kms.katalon.core.keyword.internal.KeywordExecutor.executeKeywordForPlatform(KeywordExecutor.groovy:73)\r\n\tat com.kms.katalon.core.webui.keyword.WebUiBuiltInKeywords.openBrowser(WebUiBuiltInKeywords.groovy:63)\r\n\tat com.kms.katalon.core.webui.keyword.WebUiBuiltInKeywords$openBrowser.call(Unknown Source)\r\n\tat requestDemo.requestDemo.request_demo_page(requestDemo.groovy:52)\r\n\tat âœ½.request demo page(C:/Users/arief.hakim/git/katalon-web-automation/./Include/features/RequestDemo/requestDemo.feature:4)\r\nCaused by: org.openqa.selenium.SessionNotCreatedException: session not created: This version of ChromeDriver only supports Chrome version 88\nCurrent browser version is 87.0.4280.66 with binary path C:\\Users\\arief.hakim\\AppData\\Local\\Google\\Chrome\\Application\\chrome.exe\nBuild info: version: \u00273.141.59\u0027, revision: \u0027e82be7d358\u0027, time: \u00272018-11-14T08:25:53\u0027\nSystem info: host: \u0027MNCTVN05589\u0027, ip: \u0027172.20.10.4\u0027, os.name: \u0027Windows 10\u0027, os.arch: \u0027amd64\u0027, os.version: \u002710.0\u0027, java.version: \u00271.8.0_181\u0027\nDriver info: driver.version: CChromeDriver\nremote stacktrace: Backtrace:\n\tGetHandleVerifier [0x001DB963+483]\n\tGetHandleVerifier [0x001DB941+449]\n\tGetHandleVerifier [0x00583308+3832712]\n\tGetHandleVerifier [0x0059D69A+3940122]\n\tGetHandleVerifier [0x00599AFB+3924859]\n\tGetHandleVerifier [0x00597D9C+3917340]\n\tGetHandleVerifier [0x005BE7FE+4075646]\n\tGetHandleVerifier [0x005BE56C+4074988]\n\tGetHandleVerifier [0x005BB2EB+4062059]\n\tGetHandleVerifier [0x0059ED14+3945876]\n\tGetHandleVerifier [0x0059FBCE+3949646]\n\tGetHandleVerifier [0x0059FB59+3949529]\n\tOrdinal0 [0x0019B5CC+46540]\n\tOrdinal0 [0x00199F53+40787]\n\tOrdinal0 [0x00199B12+39698]\n\tGetHandleVerifier [0x004A1468+2907368]\n\tGetHandleVerifier [0x002E71EE+1096302]\n\tGetHandleVerifier [0x002A3E8D+821005]\n\tGetHandleVerifier [0x002A396B+819691]\n\tGetHandleVerifier [0x002A3881+819457]\n\tGetHandleVerifier [0x002CF463+998627]\n\tBaseThreadInitThunk [0x767F6359+25]\n\tRtlGetAppContainerNamedObjectPath [0x77688944+228]\n\tRtlGetAppContainerNamedObjectPath [0x77688914+180]\n\r\n\tat org.openqa.selenium.remote.W3CHandshakeResponse.lambda$errorHandler$0(W3CHandshakeResponse.java:62)\r\n\tat org.openqa.selenium.remote.HandshakeResponse.lambda$getResponseFunction$0(HandshakeResponse.java:30)\r\n\tat org.openqa.selenium.remote.ProtocolHandshake.lambda$createSession$0(ProtocolHandshake.java:126)\r\n\tat org.openqa.selenium.remote.ProtocolHandshake.createSession(ProtocolHandshake.java:128)\r\n\tat org.openqa.selenium.remote.ProtocolHandshake.createSession(ProtocolHandshake.java:74)\r\n\tat org.openqa.selenium.remote.HttpCommandExecutor.execute(HttpCommandExecutor.java:136)\r\n\tat org.openqa.selenium.remote.service.DriverCommandExecutor.execute(DriverCommandExecutor.java:83)\r\n\tat org.openqa.selenium.remote.RemoteWebDriver.execute(RemoteWebDriver.java:552)\r\n\tat com.kms.katalon.selenium.driver.CChromeDriver.execute(CChromeDriver.java:19)\r\n\tat org.openqa.selenium.remote.RemoteWebDriver.startSession(RemoteWebDriver.java:213)\r\n\tat org.openqa.selenium.remote.RemoteWebDriver.\u003cinit\u003e(RemoteWebDriver.java:131)\r\n\tat org.openqa.selenium.chrome.ChromeDriver.\u003cinit\u003e(ChromeDriver.java:181)\r\n\tat org.openqa.selenium.chrome.ChromeDriver.\u003cinit\u003e(ChromeDriver.java:147)\r\n\tat com.kms.katalon.selenium.driver.CChromeDriver.\u003cinit\u003e(CChromeDriver.java:13)\r\n\tat com.kms.katalon.core.webui.driver.DriverFactory.createNewChromeDriver(DriverFactory.java:400)\r\n\tat com.kms.katalon.core.webui.driver.DriverFactory.startNewBrowser(DriverFactory.java:358)\r\n\tat com.kms.katalon.core.webui.driver.DriverFactory.openWebDriver(DriverFactory.java:245)\r\n\tat com.kms.katalon.core.webui.keyword.builtin.OpenBrowserKeyword$_openBrowser_closure1.doCall(OpenBrowserKeyword.groovy:74)\r\n\tat com.kms.katalon.core.webui.keyword.builtin.OpenBrowserKeyword$_openBrowser_closure1.call(OpenBrowserKeyword.groovy)\r\n\tat com.kms.katalon.core.webui.keyword.internal.WebUIKeywordMain.runKeyword(WebUIKeywordMain.groovy:20)\r\n\tat com.kms.katalon.core.webui.keyword.builtin.OpenBrowserKeyword.openBrowser(OpenBrowserKeyword.groovy:81)\r\n\tat com.kms.katalon.core.webui.keyword.builtin.OpenBrowserKeyword.execute(OpenBrowserKeyword.groovy:67)\r\n\tat com.kms.katalon.core.keyword.internal.KeywordExecutor.executeKeywordForPlatform(KeywordExecutor.groovy:73)\r\n\tat com.kms.katalon.core.webui.keyword.WebUiBuiltInKeywords.openBrowser(WebUiBuiltInKeywords.groovy:63)\r\n\tat com.kms.katalon.core.webui.keyword.WebUiBuiltInKeywords$openBrowser.call(Unknown Source)\r\n\tat requestDemo.requestDemo.request_demo_page(requestDemo.groovy:52)\r\n\tat cucumber.runtime.Utils$1.call(Utils.java:26)\r\n\tat cucumber.runtime.Timeout.timeout(Timeout.java:16)\r\n\tat cucumber.runtime.Utils.invoke(Utils.java:20)\r\n\tat cucumber.runtime.java.JavaStepDefinition.execute(JavaStepDefinition.java:48)\r\n\tat cucumber.runtime.PickleStepDefinitionMatch.runStep(PickleStepDefinitionMatch.java:50)\r\n\tat cucumber.runner.TestStep.executeStep(TestStep.java:55)\r\n\tat cucumber.runner.TestStep.run(TestStep.java:42)\r\n\tat cucumber.runner.PickleStepTestStep.run(PickleStepTestStep.java:53)\r\n\tat cucumber.runner.TestCase.run(TestCase.java:47)\r\n\tat cucumber.runner.Runner.runPickle(Runner.java:44)\r\n\tat cucumber.runtime.Runtime.runFeature(Runtime.java:120)\r\n\tat cucumber.runtime.Runtime.run(Runtime.java:106)\r\n\tat cucumber.api.cli.Main.run(Main.java:35)\r\n\tat cucumber.api.cli.Main$run.call(Unknown Source)\r\n\tat com.kms.katalon.core.cucumber.keyword.CucumberBuiltinKeywords$_runFeatureFile_closure1.doCall(CucumberBuiltinKeywords.groovy:106)\r\n\tat com.kms.katalon.core.cucumber.keyword.CucumberBuiltinKeywords$_runFeatureFile_closure1.doCall(CucumberBuiltinKeywords.groovy)\r\n\tat com.kms.katalon.core.keyword.internal.KeywordMain.runKeyword(KeywordMain.groovy:68)\r\n\tat com.kms.katalon.core.keyword.internal.KeywordMain$runKeyword.call(Unknown Source)\r\n\tat com.kms.katalon.core.cucumber.keyword.CucumberBuiltinKeywords.runFeatureFile(CucumberBuiltinKeywords.groovy:73)\r\n\tat com.kms.katalon.core.cucumber.keyword.CucumberBuiltinKeywords$runFeatureFile$0.callStatic(Unknown Source)\r\n\tat com.kms.katalon.core.cucumber.keyword.CucumberBuiltinKeywords.runFeatureFile(CucumberBuiltinKeywords.groovy:246)\r\n\tat com.kms.katalon.core.cucumber.keyword.CucumberBuiltinKeywords$runFeatureFile.call(Unknown Source)\r\n\tat RequestDemo.run(RequestDemo:18)\r\n\tat com.kms.katalon.core.main.ScriptEngine.run(ScriptEngine.java:194)\r\n\tat com.kms.katalon.core.main.ScriptEngine.runScriptAsRawText(ScriptEngine.java:119)\r\n\tat com.kms.katalon.core.main.TestCaseExecutor.runScript(TestCaseExecutor.java:398)\r\n\tat com.kms.katalon.core.main.TestCaseExecutor.doExecute(TestCaseExecutor.java:389)\r\n\tat com.kms.katalon.core.main.TestCaseExecutor.processExecutionPhase(TestCaseExecutor.java:368)\r\n\tat com.kms.katalon.core.main.TestCaseExecutor.accessMainPhase(TestCaseExecutor.java:360)\r\n\tat com.kms.katalon.core.main.TestCaseExecutor.execute(TestCaseExecutor.java:255)\r\n\tat com.kms.katalon.core.main.TestSuiteExecutor.accessTestCaseMainPhase(TestSuiteExecutor.java:203)\r\n\tat com.kms.katalon.core.main.TestSuiteExecutor.accessTestSuiteMainPhase(TestSuiteExecutor.java:152)\r\n\tat com.kms.katalon.core.main.TestSuiteExecutor.execute(TestSuiteExecutor.java:95)\r\n\tat com.kms.katalon.core.main.TestCaseMain.startTestSuite(TestCaseMain.java:157)\r\n\tat com.kms.katalon.core.main.TestCaseMain$startTestSuite$0.call(Unknown Source)\r\n\tat TempTestSuite1619586373145.run(TempTestSuite1619586373145.groovy:39)\r\n",
              "duration": 7209853000,
              "status": "failed"
            },
            "line": 4,
            "name": "request demo page",
            "match": {
              "location": "requestDemo.request_demo_page()"
            },
            "keyword": "Given ",
            "BDD_STEP_UUID": "be4f55a9-2845-4b1d-beb6-40948ae80f5d"
          },
          {
            "result": {
              "status": "skipped"
            },
            "line": 5,
            "name": "user input full name",
            "match": {
              "location": "requestDemo.user_input_full_name()"
            },
            "keyword": "When ",
            "BDD_STEP_UUID": "65548fc2-3716-44e4-ae16-b8226d65085e"
          },
          {
            "result": {
              "status": "skipped"
            },
            "line": 6,
            "name": "user input email",
            "match": {
              "location": "requestDemo.user_input_email()"
            },
            "keyword": "Then ",
            "BDD_STEP_UUID": "7683fc5e-a763-4c35-8cab-c7e28da8c03b"
          },
          {
            "result": {
              "status": "skipped"
            },
            "line": 7,
            "name": "user input phone number",
            "match": {
              "location": "requestDemo.user_input_phone_number()"
            },
            "keyword": "And ",
            "BDD_STEP_UUID": "12ec6dce-281c-4e76-bbec-ad8d5037d0d6"
          },
          {
            "result": {
              "status": "skipped"
            },
            "line": 8,
            "name": "user input company name",
            "match": {
              "location": "requestDemo.user_input_company_name()"
            },
            "keyword": "And ",
            "BDD_STEP_UUID": "3df7ac4f-ee65-4de3-9e17-f1ccf1900a49"
          },
          {
            "result": {
              "status": "skipped"
            },
            "line": 9,
            "name": "user klik request demo",
            "match": {
              "location": "requestDemo.user_klik_request_demo()"
            },
            "keyword": "And ",
            "BDD_STEP_UUID": "9da211b3-1559-4bce-9077-9c1334c71962"
          }
        ]
      }
    ],
    "name": "requestDemo",
    "description": "",
    "id": "requestdemo",
    "keyword": "Feature",
    "uri": "C:/Users/arief.hakim/git/katalon-web-automation/./Include/features/RequestDemo/requestDemo.feature",
    "tags": []
  }
]